g:\myqt\untitled\x64\debug\vc120.pdb
g:\myqt\untitled\x64\debug\mainwindow.obj
g:\myqt\untitled\x64\debug\main.obj
g:\myqt\untitled\x64\debug\moc_mainwindow.obj
g:\myqt\untitled\generatedfiles\debug\moc_mainwindow.cpp
g:\myqt\untitled\generatedfiles\ui_mainwindow.h
g:\myqt\untitled\debug\moc_predefs.h
g:\myqt\untitled\debug\untitled.ilk
g:\myqt\untitled\debug\untitled.exe
g:\myqt\untitled\debug\untitled.pdb
g:\myqt\untitled\debug\untitled.lib
g:\myqt\untitled\debug\untitled.exp
g:\myqt\untitled\x64\debug\topk.cu.cache
g:\myqt\untitled\x64\debug\topk.cu.obj
g:\myqt\untitled\x64\debug\untitled.tlog\cl.command.1.tlog
g:\myqt\untitled\x64\debug\untitled.tlog\cl.read.1.tlog
g:\myqt\untitled\x64\debug\untitled.tlog\cl.write.1.tlog
g:\myqt\untitled\x64\debug\untitled.tlog\custombuild.command.1.tlog
g:\myqt\untitled\x64\debug\untitled.tlog\custombuild.read.1.tlog
g:\myqt\untitled\x64\debug\untitled.tlog\custombuild.write.1.tlog
g:\myqt\untitled\x64\debug\untitled.tlog\link.command.1.tlog
g:\myqt\untitled\x64\debug\untitled.tlog\link.read.1.tlog
g:\myqt\untitled\x64\debug\untitled.tlog\link.write.1.tlog
g:\myqt\untitled\x64\debug\untitled.tlog\untitled.write.1u.tlog
